[HTTP] --> POST /session
[HTTP] {"capabilities":{"alwaysMatch":{"platformName":"LGTV","appium:automationName":"webOS","appium:deviceName":"tv2","appium:deviceHost":"192.168.0.174","appium:chromedriverExecutable":"/Users/kushagravarade/Downloads/chromedriver","appium:appId":"com.robustets.app","appium:rcMode":"js"},"firstMatch":[{}]},"desiredCapabilities":{"platformName":"LGTV","appium:automationName":"webOS","appium:deviceName":"tv2","appium:deviceHost":"192.168.0.174","appium:chromedriverExecutable":"/Users/kushagravarade/Downloads/chromedriver","appium:appId":"com.robustets.app","appium:rcMode":"js"}}
[debug] [AppiumDriver@3ec0] Calling AppiumDriver.createSession() with args: [{"platformName":"LGTV","appium:automationName":"webOS","appium:deviceName":"tv2","appium:deviceHost":"192.168.0.174","appium:chromedriverExecutable":"/Users/kushagravarade/Downloads/chromedriver","appium:appId":"com.robustets.app","appium:rcMode":"js"},null,{"alwaysMatch":{"platformName":"LGTV","appium:automationName":"webOS","appium:deviceName":"tv2","appium:deviceHost":"192.168.0.174","appium:chromedriverExecutable":"/Users/kushagravarade/Downloads/chromedriver","appium:appId":"com.robustets.app","appium:rcMode":"js"},"firstMatch":[{}]}]
[debug] [AppiumDriver@3ec0] Event 'newSessionRequested' logged at 1676368693366 (15:28:13 GMT+0530 (India Standard Time))
[Appium] Attempting to find matching driver for automationName 'webOS' and platformName 'LGTV'
[Appium] The 'webos' driver was installed and matched caps.
[Appium] Will require it at /Users/kushagravarade/.appium/node_modules/appium-lg-webos-driver
[debug] [Appium] Requiring driver at /Users/kushagravarade/.appium/node_modules/appium-lg-webos-driver
[AppiumDriver@3ec0] Appium v2.0.0-beta.46 creating new WebOSDriver (v0.0.4) session
[AppiumDriver@3ec0] Checking BaseDriver versions for Appium and WebOSDriver
[AppiumDriver@3ec0] Appium's BaseDriver version is 8.7.3
[AppiumDriver@3ec0] WebOSDriver's BaseDriver version is 8.7.3
[debug] [WebOSDriver@93b6] Creating session with W3C capabilities: {
[debug] [WebOSDriver@93b6]   "alwaysMatch": {
[debug] [WebOSDriver@93b6]     "appium:debuggerPort": 9998,
[debug] [WebOSDriver@93b6]     "appium:websocketPort": 3000,
[debug] [WebOSDriver@93b6]     "appium:autoExtendDevMode": true,
[debug] [WebOSDriver@93b6]     "appium:appLaunchCooldown": 3000,
[debug] [WebOSDriver@93b6]     "appium:keyCooldown": 750,
[debug] [WebOSDriver@93b6]     "appium:rcMode": "js",
[debug] [WebOSDriver@93b6]     "platformName": "LGTV",
[debug] [WebOSDriver@93b6]     "appium:automationName": "webOS",
[debug] [WebOSDriver@93b6]     "appium:deviceName": "tv2",
[debug] [WebOSDriver@93b6]     "appium:deviceHost": "192.168.0.174",
[debug] [WebOSDriver@93b6]     "appium:chromedriverExecutable": "/Users/kushagravarade/Downloads/chromedriver",
[debug] [WebOSDriver@93b6]     "appium:appId": "com.robustets.app"
[debug] [WebOSDriver@93b6]   },
[debug] [WebOSDriver@93b6]   "firstMatch": [
[debug] [WebOSDriver@93b6]     {}
[debug] [WebOSDriver@93b6]   ]
[debug] [WebOSDriver@93b6] }
[WebOSDriver@93b6 (8cb2681e)] Session created with session id: 8cb2681e-6917-40ce-8381-1bc0fd8a9107
[WebOSDriver] Extending dev mode on device
[debug] [AppiumDriver@3ec0] Event 'newSessionStarted' logged at 1676368693374 (15:28:13 GMT+0530 (India Standard Time))
[debug] [AppiumDriver@3ec0] Encountered internal error running command: Error: Could not verify the appropriate LG WebOS TV SDK binaries exist. Ensure the LG_WEBOS_TV_SDK_HOME environment variable is set and the CLI dir exists inside of it with accessible permissions
[debug] [AppiumDriver@3ec0]     at assertLgHome (/Users/kushagravarade/.appium/node_modules/appium-lg-webos-driver/lib/cli/ares.js:40:11)
[debug] [AppiumDriver@3ec0]     at runCmd (/Users/kushagravarade/.appium/node_modules/appium-lg-webos-driver/lib/cli/ares.js:56:3)
[debug] [AppiumDriver@3ec0]     at runDeviceCmd (/Users/kushagravarade/.appium/node_modules/appium-lg-webos-driver/lib/cli/ares.js:83:10)
[debug] [AppiumDriver@3ec0]     at extendDevMode (/Users/kushagravarade/.appium/node_modules/appium-lg-webos-driver/lib/cli/ares.js:95:3)
[debug] [AppiumDriver@3ec0]     at WebOSDriver.createSession (/Users/kushagravarade/.appium/node_modules/appium-lg-webos-driver/lib/driver.js:101:7)
[debug] [AppiumDriver@3ec0]     at AppiumDriver.createSession (/Users/kushagravarade/robustest/tools/node/lib/node_modules/appium/lib/appium.js:336:35)
[HTTP] <-- POST /session 500 11 ms - 939
[HTTP]
[HTTP] --> POST /session
[HTTP] {"capabilities":{"alwaysMatch":{"platformName":"LGTV","appium:automationName":"webOS","appium:deviceName":"tv2","appium:deviceHost":"192.168.0.174","appium:chromedriverExecutable":"/Users/kushagravarade/Downloads/chromedriver","appium:appId":"com.robustets.app","appium:rcMode":"js"},"firstMatch":[{}]},"desiredCapabilities":{"platformName":"LGTV","appium:automationName":"webOS","appium:deviceName":"tv2","appium:deviceHost":"192.168.0.174","appium:chromedriverExecutable":"/Users/kushagravarade/Downloads/chromedriver","appium:appId":"com.robustets.app","appium:rcMode":"js"}}
[debug] [AppiumDriver@3ec0] Calling AppiumDriver.createSession() with args: [{"platformName":"LGTV","appium:automationName":"webOS","appium:deviceName":"tv2","appium:deviceHost":"192.168.0.174","appium:chromedriverExecutable":"/Users/kushagravarade/Downloads/chromedriver","appium:appId":"com.robustets.app","appium:rcMode":"js"},null,{"alwaysMatch":{"platformName":"LGTV","appium:automationName":"webOS","appium:deviceName":"tv2","appium:deviceHost":"192.168.0.174","appium:chromedriverExecutable":"/Users/kushagravarade/Downloads/chromedriver","appium:appId":"com.robustets.app","appium:rcMode":"js"},"firstMatch":[{}]}]
[debug] [AppiumDriver@3ec0] Event 'newSessionRequested' logged at 1676368693392 (15:28:13 GMT+0530 (India Standard Time))
[Appium] Attempting to find matching driver for automationName 'webOS' and platformName 'LGTV'
[Appium] The 'webos' driver was installed and matched caps.
[Appium] Will require it at /Users/kushagravarade/.appium/node_modules/appium-lg-webos-driver
[debug] [Appium] Requiring driver at /Users/kushagravarade/.appium/node_modules/appium-lg-webos-driver
[AppiumDriver@3ec0] Appium v2.0.0-beta.46 creating new WebOSDriver (v0.0.4) session
[AppiumDriver@3ec0] Checking BaseDriver versions for Appium and WebOSDriver
[AppiumDriver@3ec0] Appium's BaseDriver version is 8.7.3
[AppiumDriver@3ec0] WebOSDriver's BaseDriver version is 8.7.3
[debug] [WebOSDriver@6b85] Creating session with W3C capabilities: {
[debug] [WebOSDriver@6b85]   "alwaysMatch": {
[debug] [WebOSDriver@6b85]     "appium:debuggerPort": 9998,
[debug] [WebOSDriver@6b85]     "appium:websocketPort": 3000,
[debug] [WebOSDriver@6b85]     "appium:autoExtendDevMode": true,
[debug] [WebOSDriver@6b85]     "appium:appLaunchCooldown": 3000,
[debug] [WebOSDriver@6b85]     "appium:keyCooldown": 750,
[debug] [WebOSDriver@6b85]     "appium:rcMode": "js",
[debug] [WebOSDriver@6b85]     "platformName": "LGTV",
[debug] [WebOSDriver@6b85]     "appium:automationName": "webOS",
[debug] [WebOSDriver@6b85]     "appium:deviceName": "tv2",
[debug] [WebOSDriver@6b85]     "appium:deviceHost": "192.168.0.174",
[debug] [WebOSDriver@6b85]     "appium:chromedriverExecutable": "/Users/kushagravarade/Downloads/chromedriver",
[debug] [WebOSDriver@6b85]     "appium:appId": "com.robustets.app"
[debug] [WebOSDriver@6b85]   },
[debug] [WebOSDriver@6b85]   "firstMatch": [
[debug] [WebOSDriver@6b85]     {}
[debug] [WebOSDriver@6b85]   ]
[debug] [WebOSDriver@6b85] }
[WebOSDriver@6b85 (03c5cd8c)] Session created with session id: 03c5cd8c-d197-4e25-a1ef-b9035e9bd1b9
[WebOSDriver] Extending dev mode on device
[debug] [AppiumDriver@3ec0] Event 'newSessionStarted' logged at 1676368693402 (15:28:13 GMT+0530 (India Standard Time))
[debug] [AppiumDriver@3ec0] Encountered internal error running command: Error: Could not verify the appropriate LG WebOS TV SDK binaries exist. Ensure the LG_WEBOS_TV_SDK_HOME environment variable is set and the CLI dir exists inside of it with accessible permissions
[debug] [AppiumDriver@3ec0]     at assertLgHome (/Users/kushagravarade/.appium/node_modules/appium-lg-webos-driver/lib/cli/ares.js:40:11)
[debug] [AppiumDriver@3ec0]     at runCmd (/Users/kushagravarade/.appium/node_modules/appium-lg-webos-driver/lib/cli/ares.js:56:3)
[debug] [AppiumDriver@3ec0]     at runDeviceCmd (/Users/kushagravarade/.appium/node_modules/appium-lg-webos-driver/lib/cli/ares.js:83:10)
[debug] [AppiumDriver@3ec0]     at extendDevMode (/Users/kushagravarade/.appium/node_modules/appium-lg-webos-driver/lib/cli/ares.js:95:3)
[debug] [AppiumDriver@3ec0]     at WebOSDriver.createSession (/Users/kushagravarade/.appium/node_modules/appium-lg-webos-driver/lib/driver.js:101:7)
[debug] [AppiumDriver@3ec0]     at AppiumDriver.createSession (/Users/kushagravarade/robustest/tools/node/lib/node_modules/appium/lib/appium.js:336:35)
[HTTP] <-- POST /session 500 12 ms - 939
[HTTP]
[HTTP] --> POST /session
[HTTP] {"capabilities":{"alwaysMatch":{"platformName":"LGTV","appium:automationName":"webOS","appium:deviceName":"tv2","appium:deviceHost":"192.168.0.174","appium:chromedriverExecutable":"/Users/kushagravarade/Downloads/chromedriver","appium:appId":"com.robustets.app","appium:rcMode":"js"},"firstMatch":[{}]},"desiredCapabilities":{"platformName":"LGTV","appium:automationName":"webOS","appium:deviceName":"tv2","appium:deviceHost":"192.168.0.174","appium:chromedriverExecutable":"/Users/kushagravarade/Downloads/chromedriver","appium:appId":"com.robustets.app","appium:rcMode":"js"}}
[debug] [AppiumDriver@3ec0] Calling AppiumDriver.createSession() with args: [{"platformName":"LGTV","appium:automationName":"webOS","appium:deviceName":"tv2","appium:deviceHost":"192.168.0.174","appium:chromedriverExecutable":"/Users/kushagravarade/Downloads/chromedriver","appium:appId":"com.robustets.app","appium:rcMode":"js"},null,{"alwaysMatch":{"platformName":"LGTV","appium:automationName":"webOS","appium:deviceName":"tv2","appium:deviceHost":"192.168.0.174","appium:chromedriverExecutable":"/Users/kushagravarade/Downloads/chromedriver","appium:appId":"com.robustets.app","appium:rcMode":"js"},"firstMatch":[{}]}]
[debug] [AppiumDriver@3ec0] Event 'newSessionRequested' logged at 1676368693408 (15:28:13 GMT+0530 (India Standard Time))
[Appium] Attempting to find matching driver for automationName 'webOS' and platformName 'LGTV'
[Appium] The 'webos' driver was installed and matched caps.
[Appium] Will require it at /Users/kushagravarade/.appium/node_modules/appium-lg-webos-driver
[debug] [Appium] Requiring driver at /Users/kushagravarade/.appium/node_modules/appium-lg-webos-driver
[AppiumDriver@3ec0] Appium v2.0.0-beta.46 creating new WebOSDriver (v0.0.4) session
[AppiumDriver@3ec0] Checking BaseDriver versions for Appium and WebOSDriver
[AppiumDriver@3ec0] Appium's BaseDriver version is 8.7.3
[AppiumDriver@3ec0] WebOSDriver's BaseDriver version is 8.7.3
[debug] [WebOSDriver@250b] Creating session with W3C capabilities: {
[debug] [WebOSDriver@250b]   "alwaysMatch": {
[debug] [WebOSDriver@250b]     "appium:debuggerPort": 9998,
[debug] [WebOSDriver@250b]     "appium:websocketPort": 3000,
[debug] [WebOSDriver@250b]     "appium:autoExtendDevMode": true,
[debug] [WebOSDriver@250b]     "appium:appLaunchCooldown": 3000,
[debug] [WebOSDriver@250b]     "appium:keyCooldown": 750,
[debug] [WebOSDriver@250b]     "appium:rcMode": "js",
[debug] [WebOSDriver@250b]     "platformName": "LGTV",
[debug] [WebOSDriver@250b]     "appium:automationName": "webOS",
[debug] [WebOSDriver@250b]     "appium:deviceName": "tv2",
[debug] [WebOSDriver@250b]     "appium:deviceHost": "192.168.0.174",
[debug] [WebOSDriver@250b]     "appium:chromedriverExecutable": "/Users/kushagravarade/Downloads/chromedriver",
[debug] [WebOSDriver@250b]     "appium:appId": "com.robustets.app"
[debug] [WebOSDriver@250b]   },
[debug] [WebOSDriver@250b]   "firstMatch": [
[debug] [WebOSDriver@250b]     {}
[debug] [WebOSDriver@250b]   ]
[debug] [WebOSDriver@250b] }
[WebOSDriver@250b (63427730)] Session created with session id: 63427730-fdcc-478d-a010-88ccfd782a4f
[WebOSDriver] Extending dev mode on device
[debug] [AppiumDriver@3ec0] Event 'newSessionStarted' logged at 1676368693412 (15:28:13 GMT+0530 (India Standard Time))
[debug] [AppiumDriver@3ec0] Encountered internal error running command: Error: Could not verify the appropriate LG WebOS TV SDK binaries exist. Ensure the LG_WEBOS_TV_SDK_HOME environment variable is set and the CLI dir exists inside of it with accessible permissions
[debug] [AppiumDriver@3ec0]     at assertLgHome (/Users/kushagravarade/.appium/node_modules/appium-lg-webos-driver/lib/cli/ares.js:40:11)
[debug] [AppiumDriver@3ec0]     at runCmd (/Users/kushagravarade/.appium/node_modules/appium-lg-webos-driver/lib/cli/ares.js:56:3)
[debug] [AppiumDriver@3ec0]     at runDeviceCmd (/Users/kushagravarade/.appium/node_modules/appium-lg-webos-driver/lib/cli/ares.js:83:10)
[debug] [AppiumDriver@3ec0]     at extendDevMode (/Users/kushagravarade/.appium/node_modules/appium-lg-webos-driver/lib/cli/ares.js:95:3)
[debug] [AppiumDriver@3ec0]     at WebOSDriver.createSession (/Users/kushagravarade/.appium/node_modules/appium-lg-webos-driver/lib/driver.js:101:7)
[debug] [AppiumDriver@3ec0]     at AppiumDriver.createSession (/Users/kushagravarade/robustest/tools/node/lib/node_modules/appium/lib/appium.js:336:35)
[HTTP] <-- POST /session 500 6 ms - 939
[HTTP]
[HTTP] --> POST /session
[HTTP] {"capabilities":{"alwaysMatch":{"platformName":"LGTV","appium:automationName":"webOS","appium:deviceName":"tv2","appium:deviceHost":"192.168.0.174","appium:chromedriverExecutable":"/Users/kushagravarade/Downloads/chromedriver","appium:appId":"com.robustets.app","appium:rcMode":"js"},"firstMatch":[{}]},"desiredCapabilities":{"platformName":"LGTV","appium:automationName":"webOS","appium:deviceName":"tv2","appium:deviceHost":"192.168.0.174","appium:chromedriverExecutable":"/Users/kushagravarade/Downloads/chromedriver","appium:appId":"com.robustets.app","appium:rcMode":"js"}}
[debug] [AppiumDriver@3ec0] Calling AppiumDriver.createSession() with args: [{"platformName":"LGTV","appium:automationName":"webOS","appium:deviceName":"tv2","appium:deviceHost":"192.168.0.174","appium:chromedriverExecutable":"/Users/kushagravarade/Downloads/chromedriver","appium:appId":"com.robustets.app","appium:rcMode":"js"},null,{"alwaysMatch":{"platformName":"LGTV","appium:automationName":"webOS","appium:deviceName":"tv2","appium:deviceHost":"192.168.0.174","appium:chromedriverExecutable":"/Users/kushagravarade/Downloads/chromedriver","appium:appId":"com.robustets.app","appium:rcMode":"js"},"firstMatch":[{}]}]
[debug] [AppiumDriver@3ec0] Event 'newSessionRequested' logged at 1676368693422 (15:28:13 GMT+0530 (India Standard Time))
[Appium] Attempting to find matching driver for automationName 'webOS' and platformName 'LGTV'
[Appium] The 'webos' driver was installed and matched caps.
[Appium] Will require it at /Users/kushagravarade/.appium/node_modules/appium-lg-webos-driver
[debug] [Appium] Requiring driver at /Users/kushagravarade/.appium/node_modules/appium-lg-webos-driver
[AppiumDriver@3ec0] Appium v2.0.0-beta.46 creating new WebOSDriver (v0.0.4) session
[AppiumDriver@3ec0] Checking BaseDriver versions for Appium and WebOSDriver
[AppiumDriver@3ec0] Appium's BaseDriver version is 8.7.3
[AppiumDriver@3ec0] WebOSDriver's BaseDriver version is 8.7.3
[debug] [WebOSDriver@59a9] Creating session with W3C capabilities: {
[debug] [WebOSDriver@59a9]   "alwaysMatch": {
[debug] [WebOSDriver@59a9]     "appium:debuggerPort": 9998,
[debug] [WebOSDriver@59a9]     "appium:websocketPort": 3000,
[debug] [WebOSDriver@59a9]     "appium:autoExtendDevMode": true,
[debug] [WebOSDriver@59a9]     "appium:appLaunchCooldown": 3000,
[debug] [WebOSDriver@59a9]     "appium:keyCooldown": 750,
[debug] [WebOSDriver@59a9]     "appium:rcMode": "js",
[debug] [WebOSDriver@59a9]     "platformName": "LGTV",
[debug] [WebOSDriver@59a9]     "appium:automationName": "webOS",
[debug] [WebOSDriver@59a9]     "appium:deviceName": "tv2",
[debug] [WebOSDriver@59a9]     "appium:deviceHost": "192.168.0.174",
[debug] [WebOSDriver@59a9]     "appium:chromedriverExecutable": "/Users/kushagravarade/Downloads/chromedriver",
[debug] [WebOSDriver@59a9]     "appium:appId": "com.robustets.app"
[debug] [WebOSDriver@59a9]   },
[debug] [WebOSDriver@59a9]   "firstMatch": [
[debug] [WebOSDriver@59a9]     {}
[debug] [WebOSDriver@59a9]   ]
[debug] [WebOSDriver@59a9] }
[WebOSDriver@59a9 (9a9a18c2)] Session created with session id: 9a9a18c2-b830-4431-bf38-3f8a33f9b9df
[WebOSDriver] Extending dev mode on device
[debug] [AppiumDriver@3ec0] Event 'newSessionStarted' logged at 1676368693427 (15:28:13 GMT+0530 (India Standard Time))
[debug] [AppiumDriver@3ec0] Encountered internal error running command: Error: Could not verify the appropriate LG WebOS TV SDK binaries exist. Ensure the LG_WEBOS_TV_SDK_HOME environment variable is set and the CLI dir exists inside of it with accessible permissions
[debug] [AppiumDriver@3ec0]     at assertLgHome (/Users/kushagravarade/.appium/node_modules/appium-lg-webos-driver/lib/cli/ares.js:40:11)
[debug] [AppiumDriver@3ec0]     at runCmd (/Users/kushagravarade/.appium/node_modules/appium-lg-webos-driver/lib/cli/ares.js:56:3)
[debug] [AppiumDriver@3ec0]     at runDeviceCmd (/Users/kushagravarade/.appium/node_modules/appium-lg-webos-driver/lib/cli/ares.js:83:10)
[debug] [AppiumDriver@3ec0]     at extendDevMode (/Users/kushagravarade/.appium/node_modules/appium-lg-webos-driver/lib/cli/ares.js:95:3)
[debug] [AppiumDriver@3ec0]     at WebOSDriver.createSession (/Users/kushagravarade/.appium/node_modules/appium-lg-webos-driver/lib/driver.js:101:7)
[debug] [AppiumDriver@3ec0]     at AppiumDriver.createSession (/Users/kushagravarade/robustest/tools/node/lib/node_modules/appium/lib/appium.js:336:35)
[HTTP] <-- POST /session 500 14 ms - 939
[HTTP]